Performing C++ SOURCE FILE Test CMAKE_HAVE_LIBC_PTHREAD failed with the following output:
Change Dir: /mnt/c/Users/voev/Projects/snet/_build/CMakeFiles/CMakeTmp

Run Build Command(s):/usr/bin/make -f Makefile cmTC_c3407/fast && /usr/bin/make  -f CMakeFiles/cmTC_c3407.dir/build.make CMakeFiles/cmTC_c3407.dir/build
make[1]: Entering directory '/mnt/c/Users/voev/Projects/snet/_build/CMakeFiles/CMakeTmp'
Building CXX object CMakeFiles/cmTC_c3407.dir/src.cxx.o
/usr/bin/g++ -DCMAKE_HAVE_LIBC_PTHREAD  -std=c++20 -o CMakeFiles/cmTC_c3407.dir/src.cxx.o -c /mnt/c/Users/voev/Projects/snet/_build/CMakeFiles/CMakeTmp/src.cxx
Linking CXX executable cmTC_c3407
/opt/cmake/cmake-3.23.0-rc2-linux-x86_64/bin/cmake -E cmake_link_script CMakeFiles/cmTC_c3407.dir/link.txt --verbose=1
/usr/bin/g++ CMakeFiles/cmTC_c3407.dir/src.cxx.o -o cmTC_c3407 
/usr/bin/ld: CMakeFiles/cmTC_c3407.dir/src.cxx.o: in function `main':
src.cxx:(.text+0x46): undefined reference to `pthread_create'
/usr/bin/ld: src.cxx:(.text+0x52): undefined reference to `pthread_detach'
/usr/bin/ld: src.cxx:(.text+0x5e): undefined reference to `pthread_cancel'
/usr/bin/ld: src.cxx:(.text+0x6f): undefined reference to `pthread_join'
collect2: error: ld returned 1 exit status
make[1]: *** [CMakeFiles/cmTC_c3407.dir/build.make:99: cmTC_c3407] Error 1
make[1]: Leaving directory '/mnt/c/Users/voev/Projects/snet/_build/CMakeFiles/CMakeTmp'
make: *** [Makefile:127: cmTC_c3407/fast] Error 2


Source file was:
#include <pthread.h>

static void* test_func(void* data)
{
  return data;
}

int main(void)
{
  pthread_t thread;
  pthread_create(&thread, NULL, test_func, NULL);
  pthread_detach(thread);
  pthread_cancel(thread);
  pthread_join(thread, NULL);
  pthread_atfork(NULL, NULL, NULL);
  pthread_exit(NULL);

  return 0;
}

Determining if the function pthread_create exists in the pthreads failed with the following output:
Change Dir: /mnt/c/Users/voev/Projects/snet/_build/CMakeFiles/CMakeTmp

Run Build Command(s):/usr/bin/make -f Makefile cmTC_b03b3/fast && /usr/bin/make  -f CMakeFiles/cmTC_b03b3.dir/build.make CMakeFiles/cmTC_b03b3.dir/build
make[1]: Entering directory '/mnt/c/Users/voev/Projects/snet/_build/CMakeFiles/CMakeTmp'
Building CXX object CMakeFiles/cmTC_b03b3.dir/CheckFunctionExists.cxx.o
/usr/bin/g++   -DCHECK_FUNCTION_EXISTS=pthread_create -std=c++20 -o CMakeFiles/cmTC_b03b3.dir/CheckFunctionExists.cxx.o -c /mnt/c/Users/voev/Projects/snet/_build/CMakeFiles/CheckLibraryExists/CheckFunctionExists.cxx
Linking CXX executable cmTC_b03b3
/opt/cmake/cmake-3.23.0-rc2-linux-x86_64/bin/cmake -E cmake_link_script CMakeFiles/cmTC_b03b3.dir/link.txt --verbose=1
/usr/bin/g++  -DCHECK_FUNCTION_EXISTS=pthread_create CMakeFiles/cmTC_b03b3.dir/CheckFunctionExists.cxx.o -o cmTC_b03b3  -lpthreads 
/usr/bin/ld: cannot find -lpthreads
collect2: error: ld returned 1 exit status
make[1]: *** [CMakeFiles/cmTC_b03b3.dir/build.make:99: cmTC_b03b3] Error 1
make[1]: Leaving directory '/mnt/c/Users/voev/Projects/snet/_build/CMakeFiles/CMakeTmp'
make: *** [Makefile:127: cmTC_b03b3/fast] Error 2



